ERROR - 2026-01-11 12:05:01 --> Error connecting to the database: mysqli_sql_exception: Access denied for user 'bedotscpanel_poderp'@'localhost' (using password: YES) in C:\xampp\htdocs\pod\system\Database\MySQLi\Connection.php:201
Stack trace:
#0 C:\xampp\htdocs\pod\system\Database\MySQLi\Connection.php(201): mysqli->real_connect('localhost', 'bedotscpanel_po...', Object(SensitiveParameterValue), 'bedotscpanel_po...', 3306, '', 0)
#1 C:\xampp\htdocs\pod\system\Database\BaseConnection.php(421): CodeIgniter\Database\MySQLi\Connection->connect(false)
#2 C:\xampp\htdocs\pod\system\Database\BaseConnection.php(620): CodeIgniter\Database\BaseConnection->initialize()
#3 C:\xampp\htdocs\pod\app\Models\Crud_model.php(28): CodeIgniter\Database\BaseConnection->query('SET sql_mode = ...')
#4 C:\xampp\htdocs\pod\app\Models\Settings_model.php(11): App\Models\Crud_model->__construct('settings')
#5 C:\xampp\htdocs\pod\system\Config\Factories.php(236): App\Models\Settings_model->__construct(NULL)
#6 C:\xampp\htdocs\pod\system\Config\Factories.php(170): CodeIgniter\Config\Factories::createInstance('models', 'App\\Models\\Sett...', Array)
#7 C:\xampp\htdocs\pod\system\Common.php(804): CodeIgniter\Config\Factories::__callStatic('models', Array)
#8 C:\xampp\htdocs\pod\app\Controllers\App_Controller.php(101): model('App\\Models\\Sett...')
#9 C:\xampp\htdocs\pod\app\Controllers\Pwa.php(7): App\Controllers\App_Controller->__construct()
#10 C:\xampp\htdocs\pod\system\CodeIgniter.php(903): App\Controllers\Pwa->__construct()
#11 C:\xampp\htdocs\pod\system\CodeIgniter.php(498): CodeIgniter\CodeIgniter->createController()
#12 C:\xampp\htdocs\pod\system\CodeIgniter.php(354): CodeIgniter\CodeIgniter->handleRequest(NULL, Object(Config\Cache), false)
#13 C:\xampp\htdocs\pod\system\Boot.php(334): CodeIgniter\CodeIgniter->run()
#14 C:\xampp\htdocs\pod\system\Boot.php(67): CodeIgniter\Boot::runCodeIgniter(Object(CodeIgniter\CodeIgniter))
#15 C:\xampp\htdocs\pod\index.php(75): CodeIgniter\Boot::bootWeb(Object(Config\Paths))
#16 {main}

Next CodeIgniter\Database\Exceptions\DatabaseException: Access denied for user '****'@'localhost' (using password: YES) in C:\xampp\htdocs\pod\system\Database\MySQLi\Connection.php:246
Stack trace:
#0 C:\xampp\htdocs\pod\system\Database\BaseConnection.php(421): CodeIgniter\Database\MySQLi\Connection->connect(false)
#1 C:\xampp\htdocs\pod\system\Database\BaseConnection.php(620): CodeIgniter\Database\BaseConnection->initialize()
#2 C:\xampp\htdocs\pod\app\Models\Crud_model.php(28): CodeIgniter\Database\BaseConnection->query('SET sql_mode = ...')
#3 C:\xampp\htdocs\pod\app\Models\Settings_model.php(11): App\Models\Crud_model->__construct('settings')
#4 C:\xampp\htdocs\pod\system\Config\Factories.php(236): App\Models\Settings_model->__construct(NULL)
#5 C:\xampp\htdocs\pod\system\Config\Factories.php(170): CodeIgniter\Config\Factories::createInstance('models', 'App\\Models\\Sett...', Array)
#6 C:\xampp\htdocs\pod\system\Common.php(804): CodeIgniter\Config\Factories::__callStatic('models', Array)
#7 C:\xampp\htdocs\pod\app\Controllers\App_Controller.php(101): model('App\\Models\\Sett...')
#8 C:\xampp\htdocs\pod\app\Controllers\Pwa.php(7): App\Controllers\App_Controller->__construct()
#9 C:\xampp\htdocs\pod\system\CodeIgniter.php(903): App\Controllers\Pwa->__construct()
#10 C:\xampp\htdocs\pod\system\CodeIgniter.php(498): CodeIgniter\CodeIgniter->createController()
#11 C:\xampp\htdocs\pod\system\CodeIgniter.php(354): CodeIgniter\CodeIgniter->handleRequest(NULL, Object(Config\Cache), false)
#12 C:\xampp\htdocs\pod\system\Boot.php(334): CodeIgniter\CodeIgniter->run()
#13 C:\xampp\htdocs\pod\system\Boot.php(67): CodeIgniter\Boot::runCodeIgniter(Object(CodeIgniter\CodeIgniter))
#14 C:\xampp\htdocs\pod\index.php(75): CodeIgniter\Boot::bootWeb(Object(Config\Paths))
#15 {main}
CRITICAL - 2026-01-11 12:05:01 --> CodeIgniter\Database\Exceptions\DatabaseException: Unable to connect to the database.
Main connection [MySQLi]: Access denied for user '****'@'localhost' (using password: YES)
[Method: GET, Route: pwa/service_worker]
in SYSTEMPATH\Database\BaseConnection.php on line 467.
 1 SYSTEMPATH\Database\BaseConnection.php(620): CodeIgniter\Database\BaseConnection->initialize()
 2 APPPATH\Models\Crud_model.php(28): CodeIgniter\Database\BaseConnection->query('SET sql_mode = \'\'')
 3 APPPATH\Models\Settings_model.php(11): App\Models\Crud_model->__construct('settings')
 4 SYSTEMPATH\Config\Factories.php(236): App\Models\Settings_model->__construct(null)
 5 SYSTEMPATH\Config\Factories.php(170): CodeIgniter\Config\Factories::createInstance('models', 'App\\Models\\Settings_model', [...])
 6 SYSTEMPATH\Common.php(804): CodeIgniter\Config\Factories::__callStatic('models', [...])
 7 APPPATH\Controllers\App_Controller.php(101): model('App\\Models\\Settings_model')
 8 APPPATH\Controllers\Pwa.php(7): App\Controllers\App_Controller->__construct()
 9 SYSTEMPATH\CodeIgniter.php(903): App\Controllers\Pwa->__construct()
10 SYSTEMPATH\CodeIgniter.php(498): CodeIgniter\CodeIgniter->createController()
11 SYSTEMPATH\CodeIgniter.php(354): CodeIgniter\CodeIgniter->handleRequest(null, Object(Config\Cache), false)
12 SYSTEMPATH\Boot.php(334): CodeIgniter\CodeIgniter->run()
13 SYSTEMPATH\Boot.php(67): CodeIgniter\Boot::runCodeIgniter(Object(CodeIgniter\CodeIgniter))
14 FCPATH\index.php(75): CodeIgniter\Boot::bootWeb(Object(Config\Paths))
ERROR - 2026-01-11 12:12:54 --> Error connecting to the database: mysqli_sql_exception: Access denied for user 'bedotscpanel_poderp'@'localhost' (using password: YES) in C:\xampp\htdocs\pod\system\Database\MySQLi\Connection.php:201
Stack trace:
#0 C:\xampp\htdocs\pod\system\Database\MySQLi\Connection.php(201): mysqli->real_connect('localhost', 'bedotscpanel_po...', Object(SensitiveParameterValue), 'bedotscpanel_po...', 3306, '', 0)
#1 C:\xampp\htdocs\pod\system\Database\BaseConnection.php(421): CodeIgniter\Database\MySQLi\Connection->connect(false)
#2 C:\xampp\htdocs\pod\system\Database\BaseConnection.php(620): CodeIgniter\Database\BaseConnection->initialize()
#3 C:\xampp\htdocs\pod\app\Models\Crud_model.php(28): CodeIgniter\Database\BaseConnection->query('SET sql_mode = ...')
#4 C:\xampp\htdocs\pod\app\Models\Settings_model.php(11): App\Models\Crud_model->__construct('settings')
#5 C:\xampp\htdocs\pod\system\Config\Factories.php(236): App\Models\Settings_model->__construct(NULL)
#6 C:\xampp\htdocs\pod\system\Config\Factories.php(170): CodeIgniter\Config\Factories::createInstance('models', 'App\\Models\\Sett...', Array)
#7 C:\xampp\htdocs\pod\system\Common.php(804): CodeIgniter\Config\Factories::__callStatic('models', Array)
#8 C:\xampp\htdocs\pod\app\Controllers\App_Controller.php(101): model('App\\Models\\Sett...')
#9 C:\xampp\htdocs\pod\app\Controllers\Pwa.php(7): App\Controllers\App_Controller->__construct()
#10 C:\xampp\htdocs\pod\system\CodeIgniter.php(903): App\Controllers\Pwa->__construct()
#11 C:\xampp\htdocs\pod\system\CodeIgniter.php(498): CodeIgniter\CodeIgniter->createController()
#12 C:\xampp\htdocs\pod\system\CodeIgniter.php(354): CodeIgniter\CodeIgniter->handleRequest(NULL, Object(Config\Cache), false)
#13 C:\xampp\htdocs\pod\system\Boot.php(334): CodeIgniter\CodeIgniter->run()
#14 C:\xampp\htdocs\pod\system\Boot.php(67): CodeIgniter\Boot::runCodeIgniter(Object(CodeIgniter\CodeIgniter))
#15 C:\xampp\htdocs\pod\index.php(75): CodeIgniter\Boot::bootWeb(Object(Config\Paths))
#16 {main}

Next CodeIgniter\Database\Exceptions\DatabaseException: Access denied for user '****'@'localhost' (using password: YES) in C:\xampp\htdocs\pod\system\Database\MySQLi\Connection.php:246
Stack trace:
#0 C:\xampp\htdocs\pod\system\Database\BaseConnection.php(421): CodeIgniter\Database\MySQLi\Connection->connect(false)
#1 C:\xampp\htdocs\pod\system\Database\BaseConnection.php(620): CodeIgniter\Database\BaseConnection->initialize()
#2 C:\xampp\htdocs\pod\app\Models\Crud_model.php(28): CodeIgniter\Database\BaseConnection->query('SET sql_mode = ...')
#3 C:\xampp\htdocs\pod\app\Models\Settings_model.php(11): App\Models\Crud_model->__construct('settings')
#4 C:\xampp\htdocs\pod\system\Config\Factories.php(236): App\Models\Settings_model->__construct(NULL)
#5 C:\xampp\htdocs\pod\system\Config\Factories.php(170): CodeIgniter\Config\Factories::createInstance('models', 'App\\Models\\Sett...', Array)
#6 C:\xampp\htdocs\pod\system\Common.php(804): CodeIgniter\Config\Factories::__callStatic('models', Array)
#7 C:\xampp\htdocs\pod\app\Controllers\App_Controller.php(101): model('App\\Models\\Sett...')
#8 C:\xampp\htdocs\pod\app\Controllers\Pwa.php(7): App\Controllers\App_Controller->__construct()
#9 C:\xampp\htdocs\pod\system\CodeIgniter.php(903): App\Controllers\Pwa->__construct()
#10 C:\xampp\htdocs\pod\system\CodeIgniter.php(498): CodeIgniter\CodeIgniter->createController()
#11 C:\xampp\htdocs\pod\system\CodeIgniter.php(354): CodeIgniter\CodeIgniter->handleRequest(NULL, Object(Config\Cache), false)
#12 C:\xampp\htdocs\pod\system\Boot.php(334): CodeIgniter\CodeIgniter->run()
#13 C:\xampp\htdocs\pod\system\Boot.php(67): CodeIgniter\Boot::runCodeIgniter(Object(CodeIgniter\CodeIgniter))
#14 C:\xampp\htdocs\pod\index.php(75): CodeIgniter\Boot::bootWeb(Object(Config\Paths))
#15 {main}
CRITICAL - 2026-01-11 12:12:54 --> CodeIgniter\Database\Exceptions\DatabaseException: Unable to connect to the database.
Main connection [MySQLi]: Access denied for user '****'@'localhost' (using password: YES)
[Method: GET, Route: pwa/service_worker]
in SYSTEMPATH\Database\BaseConnection.php on line 467.
 1 SYSTEMPATH\Database\BaseConnection.php(620): CodeIgniter\Database\BaseConnection->initialize()
 2 APPPATH\Models\Crud_model.php(28): CodeIgniter\Database\BaseConnection->query('SET sql_mode = \'\'')
 3 APPPATH\Models\Settings_model.php(11): App\Models\Crud_model->__construct('settings')
 4 SYSTEMPATH\Config\Factories.php(236): App\Models\Settings_model->__construct(null)
 5 SYSTEMPATH\Config\Factories.php(170): CodeIgniter\Config\Factories::createInstance('models', 'App\\Models\\Settings_model', [...])
 6 SYSTEMPATH\Common.php(804): CodeIgniter\Config\Factories::__callStatic('models', [...])
 7 APPPATH\Controllers\App_Controller.php(101): model('App\\Models\\Settings_model')
 8 APPPATH\Controllers\Pwa.php(7): App\Controllers\App_Controller->__construct()
 9 SYSTEMPATH\CodeIgniter.php(903): App\Controllers\Pwa->__construct()
10 SYSTEMPATH\CodeIgniter.php(498): CodeIgniter\CodeIgniter->createController()
11 SYSTEMPATH\CodeIgniter.php(354): CodeIgniter\CodeIgniter->handleRequest(null, Object(Config\Cache), false)
12 SYSTEMPATH\Boot.php(334): CodeIgniter\CodeIgniter->run()
13 SYSTEMPATH\Boot.php(67): CodeIgniter\Boot::runCodeIgniter(Object(CodeIgniter\CodeIgniter))
14 FCPATH\index.php(75): CodeIgniter\Boot::bootWeb(Object(Config\Paths))
ERROR - 2026-01-11 12:15:42 --> Error connecting to the database: mysqli_sql_exception: Access denied for user 'bedotscpanel_poderp'@'localhost' (using password: YES) in C:\xampp\htdocs\pod\system\Database\MySQLi\Connection.php:201
Stack trace:
#0 C:\xampp\htdocs\pod\system\Database\MySQLi\Connection.php(201): mysqli->real_connect('localhost', 'bedotscpanel_po...', Object(SensitiveParameterValue), 'bedotscpanel_po...', 3306, '', 0)
#1 C:\xampp\htdocs\pod\system\Database\BaseConnection.php(421): CodeIgniter\Database\MySQLi\Connection->connect(false)
#2 C:\xampp\htdocs\pod\system\Database\BaseConnection.php(620): CodeIgniter\Database\BaseConnection->initialize()
#3 C:\xampp\htdocs\pod\app\Models\Crud_model.php(28): CodeIgniter\Database\BaseConnection->query('SET sql_mode = ...')
#4 C:\xampp\htdocs\pod\app\Models\Settings_model.php(11): App\Models\Crud_model->__construct('settings')
#5 C:\xampp\htdocs\pod\system\Config\Factories.php(236): App\Models\Settings_model->__construct(NULL)
#6 C:\xampp\htdocs\pod\system\Config\Factories.php(170): CodeIgniter\Config\Factories::createInstance('models', 'App\\Models\\Sett...', Array)
#7 C:\xampp\htdocs\pod\system\Common.php(804): CodeIgniter\Config\Factories::__callStatic('models', Array)
#8 C:\xampp\htdocs\pod\app\Controllers\App_Controller.php(101): model('App\\Models\\Sett...')
#9 C:\xampp\htdocs\pod\app\Controllers\Pwa.php(7): App\Controllers\App_Controller->__construct()
#10 C:\xampp\htdocs\pod\system\CodeIgniter.php(903): App\Controllers\Pwa->__construct()
#11 C:\xampp\htdocs\pod\system\CodeIgniter.php(498): CodeIgniter\CodeIgniter->createController()
#12 C:\xampp\htdocs\pod\system\CodeIgniter.php(354): CodeIgniter\CodeIgniter->handleRequest(NULL, Object(Config\Cache), false)
#13 C:\xampp\htdocs\pod\system\Boot.php(334): CodeIgniter\CodeIgniter->run()
#14 C:\xampp\htdocs\pod\system\Boot.php(67): CodeIgniter\Boot::runCodeIgniter(Object(CodeIgniter\CodeIgniter))
#15 C:\xampp\htdocs\pod\index.php(75): CodeIgniter\Boot::bootWeb(Object(Config\Paths))
#16 {main}

Next CodeIgniter\Database\Exceptions\DatabaseException: Access denied for user '****'@'localhost' (using password: YES) in C:\xampp\htdocs\pod\system\Database\MySQLi\Connection.php:246
Stack trace:
#0 C:\xampp\htdocs\pod\system\Database\BaseConnection.php(421): CodeIgniter\Database\MySQLi\Connection->connect(false)
#1 C:\xampp\htdocs\pod\system\Database\BaseConnection.php(620): CodeIgniter\Database\BaseConnection->initialize()
#2 C:\xampp\htdocs\pod\app\Models\Crud_model.php(28): CodeIgniter\Database\BaseConnection->query('SET sql_mode = ...')
#3 C:\xampp\htdocs\pod\app\Models\Settings_model.php(11): App\Models\Crud_model->__construct('settings')
#4 C:\xampp\htdocs\pod\system\Config\Factories.php(236): App\Models\Settings_model->__construct(NULL)
#5 C:\xampp\htdocs\pod\system\Config\Factories.php(170): CodeIgniter\Config\Factories::createInstance('models', 'App\\Models\\Sett...', Array)
#6 C:\xampp\htdocs\pod\system\Common.php(804): CodeIgniter\Config\Factories::__callStatic('models', Array)
#7 C:\xampp\htdocs\pod\app\Controllers\App_Controller.php(101): model('App\\Models\\Sett...')
#8 C:\xampp\htdocs\pod\app\Controllers\Pwa.php(7): App\Controllers\App_Controller->__construct()
#9 C:\xampp\htdocs\pod\system\CodeIgniter.php(903): App\Controllers\Pwa->__construct()
#10 C:\xampp\htdocs\pod\system\CodeIgniter.php(498): CodeIgniter\CodeIgniter->createController()
#11 C:\xampp\htdocs\pod\system\CodeIgniter.php(354): CodeIgniter\CodeIgniter->handleRequest(NULL, Object(Config\Cache), false)
#12 C:\xampp\htdocs\pod\system\Boot.php(334): CodeIgniter\CodeIgniter->run()
#13 C:\xampp\htdocs\pod\system\Boot.php(67): CodeIgniter\Boot::runCodeIgniter(Object(CodeIgniter\CodeIgniter))
#14 C:\xampp\htdocs\pod\index.php(75): CodeIgniter\Boot::bootWeb(Object(Config\Paths))
#15 {main}
CRITICAL - 2026-01-11 12:15:42 --> CodeIgniter\Database\Exceptions\DatabaseException: Unable to connect to the database.
Main connection [MySQLi]: Access denied for user '****'@'localhost' (using password: YES)
[Method: GET, Route: pwa/service_worker]
in SYSTEMPATH\Database\BaseConnection.php on line 467.
 1 SYSTEMPATH\Database\BaseConnection.php(620): CodeIgniter\Database\BaseConnection->initialize()
 2 APPPATH\Models\Crud_model.php(28): CodeIgniter\Database\BaseConnection->query('SET sql_mode = \'\'')
 3 APPPATH\Models\Settings_model.php(11): App\Models\Crud_model->__construct('settings')
 4 SYSTEMPATH\Config\Factories.php(236): App\Models\Settings_model->__construct(null)
 5 SYSTEMPATH\Config\Factories.php(170): CodeIgniter\Config\Factories::createInstance('models', 'App\\Models\\Settings_model', [...])
 6 SYSTEMPATH\Common.php(804): CodeIgniter\Config\Factories::__callStatic('models', [...])
 7 APPPATH\Controllers\App_Controller.php(101): model('App\\Models\\Settings_model')
 8 APPPATH\Controllers\Pwa.php(7): App\Controllers\App_Controller->__construct()
 9 SYSTEMPATH\CodeIgniter.php(903): App\Controllers\Pwa->__construct()
10 SYSTEMPATH\CodeIgniter.php(498): CodeIgniter\CodeIgniter->createController()
11 SYSTEMPATH\CodeIgniter.php(354): CodeIgniter\CodeIgniter->handleRequest(null, Object(Config\Cache), false)
12 SYSTEMPATH\Boot.php(334): CodeIgniter\CodeIgniter->run()
13 SYSTEMPATH\Boot.php(67): CodeIgniter\Boot::runCodeIgniter(Object(CodeIgniter\CodeIgniter))
14 FCPATH\index.php(75): CodeIgniter\Boot::bootWeb(Object(Config\Paths))
ERROR - 2026-01-11 12:15:43 --> Error connecting to the database: mysqli_sql_exception: Access denied for user 'bedotscpanel_poderp'@'localhost' (using password: YES) in C:\xampp\htdocs\pod\system\Database\MySQLi\Connection.php:201
Stack trace:
#0 C:\xampp\htdocs\pod\system\Database\MySQLi\Connection.php(201): mysqli->real_connect('localhost', 'bedotscpanel_po...', Object(SensitiveParameterValue), 'bedotscpanel_po...', 3306, '', 0)
#1 C:\xampp\htdocs\pod\system\Database\BaseConnection.php(421): CodeIgniter\Database\MySQLi\Connection->connect(false)
#2 C:\xampp\htdocs\pod\system\Database\BaseConnection.php(620): CodeIgniter\Database\BaseConnection->initialize()
#3 C:\xampp\htdocs\pod\app\Models\Crud_model.php(28): CodeIgniter\Database\BaseConnection->query('SET sql_mode = ...')
#4 C:\xampp\htdocs\pod\app\Models\Settings_model.php(11): App\Models\Crud_model->__construct('settings')
#5 C:\xampp\htdocs\pod\system\Config\Factories.php(236): App\Models\Settings_model->__construct(NULL)
#6 C:\xampp\htdocs\pod\system\Config\Factories.php(170): CodeIgniter\Config\Factories::createInstance('models', 'App\\Models\\Sett...', Array)
#7 C:\xampp\htdocs\pod\system\Common.php(804): CodeIgniter\Config\Factories::__callStatic('models', Array)
#8 C:\xampp\htdocs\pod\app\Controllers\App_Controller.php(101): model('App\\Models\\Sett...')
#9 C:\xampp\htdocs\pod\app\Controllers\Pwa.php(7): App\Controllers\App_Controller->__construct()
#10 C:\xampp\htdocs\pod\system\CodeIgniter.php(903): App\Controllers\Pwa->__construct()
#11 C:\xampp\htdocs\pod\system\CodeIgniter.php(498): CodeIgniter\CodeIgniter->createController()
#12 C:\xampp\htdocs\pod\system\CodeIgniter.php(354): CodeIgniter\CodeIgniter->handleRequest(NULL, Object(Config\Cache), false)
#13 C:\xampp\htdocs\pod\system\Boot.php(334): CodeIgniter\CodeIgniter->run()
#14 C:\xampp\htdocs\pod\system\Boot.php(67): CodeIgniter\Boot::runCodeIgniter(Object(CodeIgniter\CodeIgniter))
#15 C:\xampp\htdocs\pod\index.php(75): CodeIgniter\Boot::bootWeb(Object(Config\Paths))
#16 {main}

Next CodeIgniter\Database\Exceptions\DatabaseException: Access denied for user '****'@'localhost' (using password: YES) in C:\xampp\htdocs\pod\system\Database\MySQLi\Connection.php:246
Stack trace:
#0 C:\xampp\htdocs\pod\system\Database\BaseConnection.php(421): CodeIgniter\Database\MySQLi\Connection->connect(false)
#1 C:\xampp\htdocs\pod\system\Database\BaseConnection.php(620): CodeIgniter\Database\BaseConnection->initialize()
#2 C:\xampp\htdocs\pod\app\Models\Crud_model.php(28): CodeIgniter\Database\BaseConnection->query('SET sql_mode = ...')
#3 C:\xampp\htdocs\pod\app\Models\Settings_model.php(11): App\Models\Crud_model->__construct('settings')
#4 C:\xampp\htdocs\pod\system\Config\Factories.php(236): App\Models\Settings_model->__construct(NULL)
#5 C:\xampp\htdocs\pod\system\Config\Factories.php(170): CodeIgniter\Config\Factories::createInstance('models', 'App\\Models\\Sett...', Array)
#6 C:\xampp\htdocs\pod\system\Common.php(804): CodeIgniter\Config\Factories::__callStatic('models', Array)
#7 C:\xampp\htdocs\pod\app\Controllers\App_Controller.php(101): model('App\\Models\\Sett...')
#8 C:\xampp\htdocs\pod\app\Controllers\Pwa.php(7): App\Controllers\App_Controller->__construct()
#9 C:\xampp\htdocs\pod\system\CodeIgniter.php(903): App\Controllers\Pwa->__construct()
#10 C:\xampp\htdocs\pod\system\CodeIgniter.php(498): CodeIgniter\CodeIgniter->createController()
#11 C:\xampp\htdocs\pod\system\CodeIgniter.php(354): CodeIgniter\CodeIgniter->handleRequest(NULL, Object(Config\Cache), false)
#12 C:\xampp\htdocs\pod\system\Boot.php(334): CodeIgniter\CodeIgniter->run()
#13 C:\xampp\htdocs\pod\system\Boot.php(67): CodeIgniter\Boot::runCodeIgniter(Object(CodeIgniter\CodeIgniter))
#14 C:\xampp\htdocs\pod\index.php(75): CodeIgniter\Boot::bootWeb(Object(Config\Paths))
#15 {main}
CRITICAL - 2026-01-11 12:15:43 --> CodeIgniter\Database\Exceptions\DatabaseException: Unable to connect to the database.
Main connection [MySQLi]: Access denied for user '****'@'localhost' (using password: YES)
[Method: GET, Route: pwa/service_worker]
in SYSTEMPATH\Database\BaseConnection.php on line 467.
 1 SYSTEMPATH\Database\BaseConnection.php(620): CodeIgniter\Database\BaseConnection->initialize()
 2 APPPATH\Models\Crud_model.php(28): CodeIgniter\Database\BaseConnection->query('SET sql_mode = \'\'')
 3 APPPATH\Models\Settings_model.php(11): App\Models\Crud_model->__construct('settings')
 4 SYSTEMPATH\Config\Factories.php(236): App\Models\Settings_model->__construct(null)
 5 SYSTEMPATH\Config\Factories.php(170): CodeIgniter\Config\Factories::createInstance('models', 'App\\Models\\Settings_model', [...])
 6 SYSTEMPATH\Common.php(804): CodeIgniter\Config\Factories::__callStatic('models', [...])
 7 APPPATH\Controllers\App_Controller.php(101): model('App\\Models\\Settings_model')
 8 APPPATH\Controllers\Pwa.php(7): App\Controllers\App_Controller->__construct()
 9 SYSTEMPATH\CodeIgniter.php(903): App\Controllers\Pwa->__construct()
10 SYSTEMPATH\CodeIgniter.php(498): CodeIgniter\CodeIgniter->createController()
11 SYSTEMPATH\CodeIgniter.php(354): CodeIgniter\CodeIgniter->handleRequest(null, Object(Config\Cache), false)
12 SYSTEMPATH\Boot.php(334): CodeIgniter\CodeIgniter->run()
13 SYSTEMPATH\Boot.php(67): CodeIgniter\Boot::runCodeIgniter(Object(CodeIgniter\CodeIgniter))
14 FCPATH\index.php(75): CodeIgniter\Boot::bootWeb(Object(Config\Paths))
ERROR - 2026-01-11 12:15:46 --> Error connecting to the database: mysqli_sql_exception: Access denied for user 'bedotscpanel_poderp'@'localhost' (using password: YES) in C:\xampp\htdocs\pod\system\Database\MySQLi\Connection.php:201
Stack trace:
#0 C:\xampp\htdocs\pod\system\Database\MySQLi\Connection.php(201): mysqli->real_connect('localhost', 'bedotscpanel_po...', Object(SensitiveParameterValue), 'bedotscpanel_po...', 3306, '', 0)
#1 C:\xampp\htdocs\pod\system\Database\BaseConnection.php(421): CodeIgniter\Database\MySQLi\Connection->connect(false)
#2 C:\xampp\htdocs\pod\system\Database\BaseConnection.php(620): CodeIgniter\Database\BaseConnection->initialize()
#3 C:\xampp\htdocs\pod\app\Models\Crud_model.php(28): CodeIgniter\Database\BaseConnection->query('SET sql_mode = ...')
#4 C:\xampp\htdocs\pod\app\Models\Settings_model.php(11): App\Models\Crud_model->__construct('settings')
#5 C:\xampp\htdocs\pod\system\Config\Factories.php(236): App\Models\Settings_model->__construct(NULL)
#6 C:\xampp\htdocs\pod\system\Config\Factories.php(170): CodeIgniter\Config\Factories::createInstance('models', 'App\\Models\\Sett...', Array)
#7 C:\xampp\htdocs\pod\system\Common.php(804): CodeIgniter\Config\Factories::__callStatic('models', Array)
#8 C:\xampp\htdocs\pod\app\Controllers\App_Controller.php(101): model('App\\Models\\Sett...')
#9 C:\xampp\htdocs\pod\app\Controllers\Security_Controller.php(21): App\Controllers\App_Controller->__construct()
#10 C:\xampp\htdocs\pod\app\Controllers\Dashboard.php(11): App\Controllers\Security_Controller->__construct()
#11 C:\xampp\htdocs\pod\system\CodeIgniter.php(903): App\Controllers\Dashboard->__construct()
#12 C:\xampp\htdocs\pod\system\CodeIgniter.php(498): CodeIgniter\CodeIgniter->createController()
#13 C:\xampp\htdocs\pod\system\CodeIgniter.php(354): CodeIgniter\CodeIgniter->handleRequest(NULL, Object(Config\Cache), false)
#14 C:\xampp\htdocs\pod\system\Boot.php(334): CodeIgniter\CodeIgniter->run()
#15 C:\xampp\htdocs\pod\system\Boot.php(67): CodeIgniter\Boot::runCodeIgniter(Object(CodeIgniter\CodeIgniter))
#16 C:\xampp\htdocs\pod\index.php(75): CodeIgniter\Boot::bootWeb(Object(Config\Paths))
#17 {main}

Next CodeIgniter\Database\Exceptions\DatabaseException: Access denied for user '****'@'localhost' (using password: YES) in C:\xampp\htdocs\pod\system\Database\MySQLi\Connection.php:246
Stack trace:
#0 C:\xampp\htdocs\pod\system\Database\BaseConnection.php(421): CodeIgniter\Database\MySQLi\Connection->connect(false)
#1 C:\xampp\htdocs\pod\system\Database\BaseConnection.php(620): CodeIgniter\Database\BaseConnection->initialize()
#2 C:\xampp\htdocs\pod\app\Models\Crud_model.php(28): CodeIgniter\Database\BaseConnection->query('SET sql_mode = ...')
#3 C:\xampp\htdocs\pod\app\Models\Settings_model.php(11): App\Models\Crud_model->__construct('settings')
#4 C:\xampp\htdocs\pod\system\Config\Factories.php(236): App\Models\Settings_model->__construct(NULL)
#5 C:\xampp\htdocs\pod\system\Config\Factories.php(170): CodeIgniter\Config\Factories::createInstance('models', 'App\\Models\\Sett...', Array)
#6 C:\xampp\htdocs\pod\system\Common.php(804): CodeIgniter\Config\Factories::__callStatic('models', Array)
#7 C:\xampp\htdocs\pod\app\Controllers\App_Controller.php(101): model('App\\Models\\Sett...')
#8 C:\xampp\htdocs\pod\app\Controllers\Security_Controller.php(21): App\Controllers\App_Controller->__construct()
#9 C:\xampp\htdocs\pod\app\Controllers\Dashboard.php(11): App\Controllers\Security_Controller->__construct()
#10 C:\xampp\htdocs\pod\system\CodeIgniter.php(903): App\Controllers\Dashboard->__construct()
#11 C:\xampp\htdocs\pod\system\CodeIgniter.php(498): CodeIgniter\CodeIgniter->createController()
#12 C:\xampp\htdocs\pod\system\CodeIgniter.php(354): CodeIgniter\CodeIgniter->handleRequest(NULL, Object(Config\Cache), false)
#13 C:\xampp\htdocs\pod\system\Boot.php(334): CodeIgniter\CodeIgniter->run()
#14 C:\xampp\htdocs\pod\system\Boot.php(67): CodeIgniter\Boot::runCodeIgniter(Object(CodeIgniter\CodeIgniter))
#15 C:\xampp\htdocs\pod\index.php(75): CodeIgniter\Boot::bootWeb(Object(Config\Paths))
#16 {main}
CRITICAL - 2026-01-11 12:15:46 --> CodeIgniter\Database\Exceptions\DatabaseException: Unable to connect to the database.
Main connection [MySQLi]: Access denied for user '****'@'localhost' (using password: YES)
[Method: GET, Route: /]
in SYSTEMPATH\Database\BaseConnection.php on line 467.
 1 SYSTEMPATH\Database\BaseConnection.php(620): CodeIgniter\Database\BaseConnection->initialize()
 2 APPPATH\Models\Crud_model.php(28): CodeIgniter\Database\BaseConnection->query('SET sql_mode = \'\'')
 3 APPPATH\Models\Settings_model.php(11): App\Models\Crud_model->__construct('settings')
 4 SYSTEMPATH\Config\Factories.php(236): App\Models\Settings_model->__construct(null)
 5 SYSTEMPATH\Config\Factories.php(170): CodeIgniter\Config\Factories::createInstance('models', 'App\\Models\\Settings_model', [...])
 6 SYSTEMPATH\Common.php(804): CodeIgniter\Config\Factories::__callStatic('models', [...])
 7 APPPATH\Controllers\App_Controller.php(101): model('App\\Models\\Settings_model')
 8 APPPATH\Controllers\Security_Controller.php(21): App\Controllers\App_Controller->__construct()
 9 APPPATH\Controllers\Dashboard.php(11): App\Controllers\Security_Controller->__construct()
10 SYSTEMPATH\CodeIgniter.php(903): App\Controllers\Dashboard->__construct()
11 SYSTEMPATH\CodeIgniter.php(498): CodeIgniter\CodeIgniter->createController()
12 SYSTEMPATH\CodeIgniter.php(354): CodeIgniter\CodeIgniter->handleRequest(null, Object(Config\Cache), false)
13 SYSTEMPATH\Boot.php(334): CodeIgniter\CodeIgniter->run()
14 SYSTEMPATH\Boot.php(67): CodeIgniter\Boot::runCodeIgniter(Object(CodeIgniter\CodeIgniter))
15 FCPATH\index.php(75): CodeIgniter\Boot::bootWeb(Object(Config\Paths))
ERROR - 2026-01-11 12:15:48 --> Error connecting to the database: mysqli_sql_exception: Access denied for user 'bedotscpanel_poderp'@'localhost' (using password: YES) in C:\xampp\htdocs\pod\system\Database\MySQLi\Connection.php:201
Stack trace:
#0 C:\xampp\htdocs\pod\system\Database\MySQLi\Connection.php(201): mysqli->real_connect('localhost', 'bedotscpanel_po...', Object(SensitiveParameterValue), 'bedotscpanel_po...', 3306, '', 0)
#1 C:\xampp\htdocs\pod\system\Database\BaseConnection.php(421): CodeIgniter\Database\MySQLi\Connection->connect(false)
#2 C:\xampp\htdocs\pod\system\Database\BaseConnection.php(620): CodeIgniter\Database\BaseConnection->initialize()
#3 C:\xampp\htdocs\pod\app\Models\Crud_model.php(28): CodeIgniter\Database\BaseConnection->query('SET sql_mode = ...')
#4 C:\xampp\htdocs\pod\app\Models\Settings_model.php(11): App\Models\Crud_model->__construct('settings')
#5 C:\xampp\htdocs\pod\system\Config\Factories.php(236): App\Models\Settings_model->__construct(NULL)
#6 C:\xampp\htdocs\pod\system\Config\Factories.php(170): CodeIgniter\Config\Factories::createInstance('models', 'App\\Models\\Sett...', Array)
#7 C:\xampp\htdocs\pod\system\Common.php(804): CodeIgniter\Config\Factories::__callStatic('models', Array)
#8 C:\xampp\htdocs\pod\app\Controllers\App_Controller.php(101): model('App\\Models\\Sett...')
#9 C:\xampp\htdocs\pod\app\Controllers\Pwa.php(7): App\Controllers\App_Controller->__construct()
#10 C:\xampp\htdocs\pod\system\CodeIgniter.php(903): App\Controllers\Pwa->__construct()
#11 C:\xampp\htdocs\pod\system\CodeIgniter.php(498): CodeIgniter\CodeIgniter->createController()
#12 C:\xampp\htdocs\pod\system\CodeIgniter.php(354): CodeIgniter\CodeIgniter->handleRequest(NULL, Object(Config\Cache), false)
#13 C:\xampp\htdocs\pod\system\Boot.php(334): CodeIgniter\CodeIgniter->run()
#14 C:\xampp\htdocs\pod\system\Boot.php(67): CodeIgniter\Boot::runCodeIgniter(Object(CodeIgniter\CodeIgniter))
#15 C:\xampp\htdocs\pod\index.php(75): CodeIgniter\Boot::bootWeb(Object(Config\Paths))
#16 {main}

Next CodeIgniter\Database\Exceptions\DatabaseException: Access denied for user '****'@'localhost' (using password: YES) in C:\xampp\htdocs\pod\system\Database\MySQLi\Connection.php:246
Stack trace:
#0 C:\xampp\htdocs\pod\system\Database\BaseConnection.php(421): CodeIgniter\Database\MySQLi\Connection->connect(false)
#1 C:\xampp\htdocs\pod\system\Database\BaseConnection.php(620): CodeIgniter\Database\BaseConnection->initialize()
#2 C:\xampp\htdocs\pod\app\Models\Crud_model.php(28): CodeIgniter\Database\BaseConnection->query('SET sql_mode = ...')
#3 C:\xampp\htdocs\pod\app\Models\Settings_model.php(11): App\Models\Crud_model->__construct('settings')
#4 C:\xampp\htdocs\pod\system\Config\Factories.php(236): App\Models\Settings_model->__construct(NULL)
#5 C:\xampp\htdocs\pod\system\Config\Factories.php(170): CodeIgniter\Config\Factories::createInstance('models', 'App\\Models\\Sett...', Array)
#6 C:\xampp\htdocs\pod\system\Common.php(804): CodeIgniter\Config\Factories::__callStatic('models', Array)
#7 C:\xampp\htdocs\pod\app\Controllers\App_Controller.php(101): model('App\\Models\\Sett...')
#8 C:\xampp\htdocs\pod\app\Controllers\Pwa.php(7): App\Controllers\App_Controller->__construct()
#9 C:\xampp\htdocs\pod\system\CodeIgniter.php(903): App\Controllers\Pwa->__construct()
#10 C:\xampp\htdocs\pod\system\CodeIgniter.php(498): CodeIgniter\CodeIgniter->createController()
#11 C:\xampp\htdocs\pod\system\CodeIgniter.php(354): CodeIgniter\CodeIgniter->handleRequest(NULL, Object(Config\Cache), false)
#12 C:\xampp\htdocs\pod\system\Boot.php(334): CodeIgniter\CodeIgniter->run()
#13 C:\xampp\htdocs\pod\system\Boot.php(67): CodeIgniter\Boot::runCodeIgniter(Object(CodeIgniter\CodeIgniter))
#14 C:\xampp\htdocs\pod\index.php(75): CodeIgniter\Boot::bootWeb(Object(Config\Paths))
#15 {main}
CRITICAL - 2026-01-11 12:15:48 --> CodeIgniter\Database\Exceptions\DatabaseException: Unable to connect to the database.
Main connection [MySQLi]: Access denied for user '****'@'localhost' (using password: YES)
[Method: GET, Route: pwa/service_worker]
in SYSTEMPATH\Database\BaseConnection.php on line 467.
 1 SYSTEMPATH\Database\BaseConnection.php(620): CodeIgniter\Database\BaseConnection->initialize()
 2 APPPATH\Models\Crud_model.php(28): CodeIgniter\Database\BaseConnection->query('SET sql_mode = \'\'')
 3 APPPATH\Models\Settings_model.php(11): App\Models\Crud_model->__construct('settings')
 4 SYSTEMPATH\Config\Factories.php(236): App\Models\Settings_model->__construct(null)
 5 SYSTEMPATH\Config\Factories.php(170): CodeIgniter\Config\Factories::createInstance('models', 'App\\Models\\Settings_model', [...])
 6 SYSTEMPATH\Common.php(804): CodeIgniter\Config\Factories::__callStatic('models', [...])
 7 APPPATH\Controllers\App_Controller.php(101): model('App\\Models\\Settings_model')
 8 APPPATH\Controllers\Pwa.php(7): App\Controllers\App_Controller->__construct()
 9 SYSTEMPATH\CodeIgniter.php(903): App\Controllers\Pwa->__construct()
10 SYSTEMPATH\CodeIgniter.php(498): CodeIgniter\CodeIgniter->createController()
11 SYSTEMPATH\CodeIgniter.php(354): CodeIgniter\CodeIgniter->handleRequest(null, Object(Config\Cache), false)
12 SYSTEMPATH\Boot.php(334): CodeIgniter\CodeIgniter->run()
13 SYSTEMPATH\Boot.php(67): CodeIgniter\Boot::runCodeIgniter(Object(CodeIgniter\CodeIgniter))
14 FCPATH\index.php(75): CodeIgniter\Boot::bootWeb(Object(Config\Paths))
